[31mvoid DBusMenuImporter::slotGetLayoutFinished(QDBusPendingCallWatcher*)[0m: "Keine derartige Schnittstelle »com.canonical.dbusmenu« des Objekts im Pfad /org/ayatana/bamf/window/37748743"
[31mvoid DBusMenuImporter::slotGetLayoutFinished(QDBusPendingCallWatcher*)[0m: "Keine derartige Schnittstelle »com.canonical.dbusmenu« des Objekts im Pfad /org/ayatana/bamf/window/54525963"
[31mvoid DBusMenuImporter::slotGetLayoutFinished(QDBusPendingCallWatcher*)[0m: "Keine derartige Schnittstelle »com.canonical.dbusmenu« des Objekts im Pfad /org/ayatana/bamf/window/54525998"
[31mvoid DBusMenuImporter::slotGetLayoutFinished(QDBusPendingCallWatcher*)[0m: "Keine derartige Schnittstelle »com.canonical.dbusmenu« des Objekts im Pfad /org/ayatana/bamf/window/52428803"
[31mvoid DBusMenuImporter::slotGetLayoutFinished(QDBusPendingCallWatcher*)[0m: "Keine derartige Schnittstelle »com.canonical.dbusmenu« des Objekts im Pfad /org/ayatana/bamf/window/52428883"
[31mvoid DBusMenuImporter::slotGetLayoutFinished(QDBusPendingCallWatcher*)[0m: "Keine derartige Schnittstelle »com.canonical.dbusmenu« des Objekts im Pfad /org/ayatana/bamf/window/52428803"
[31mvoid DBusMenuImporter::slotGetLayoutFinished(QDBusPendingCallWatcher*)[0m: "Keine derartige Schnittstelle »com.canonical.dbusmenu« des Objekts im Pfad /org/ayatana/bamf/window/52428870"
[31mvoid DBusMenuImporter::slotGetLayoutFinished(QDBusPendingCallWatcher*)[0m: "Keine derartige Schnittstelle »com.canonical.dbusmenu« des Objekts im Pfad /org/ayatana/bamf/window/52430228"
[31mvoid DBusMenuImporter::slotGetLayoutFinished(QDBusPendingCallWatcher*)[0m: "Keine derartige Schnittstelle »com.canonical.dbusmenu« des Objekts im Pfad /org/ayatana/bamf/window/52434513"
[31mvoid DBusMenuImporter::slotGetLayoutFinished(QDBusPendingCallWatcher*)[0m: "Keine derartige Schnittstelle »com.canonical.dbusmenu« des Objekts im Pfad /org/ayatana/bamf/window/52486889"
[31mvoid DBusMenuImporter::slotGetLayoutFinished(QDBusPendingCallWatcher*)[0m: "Keine derartige Schnittstelle »com.canonical.dbusmenu« des Objekts im Pfad /org/ayatana/bamf/window/54526141"
[31mvoid DBusMenuImporter::slotGetLayoutFinished(QDBusPendingCallWatcher*)[0m: "Keine derartige Schnittstelle »com.canonical.dbusmenu« des Objekts im Pfad /org/ayatana/bamf/window/37748765"
[31mvoid DBusMenuImporter::slotGetLayoutFinished(QDBusPendingCallWatcher*)[0m: "Keine derartige Schnittstelle »com.canonical.dbusmenu« des Objekts im Pfad /org/ayatana/bamf/window/54525955"
[31mvoid DBusMenuImporter::slotGetLayoutFinished(QDBusPendingCallWatcher*)[0m: "Keine derartige Schnittstelle »com.canonical.dbusmenu« des Objekts im Pfad /org/ayatana/bamf/window/54526034"
[31mvoid DBusMenuImporter::slotGetLayoutFinished(QDBusPendingCallWatcher*)[0m: "Keine derartige Schnittstelle »com.canonical.dbusmenu« des Objekts im Pfad /org/ayatana/bamf/window/54532543"
[31mvoid DBusMenuImporter::slotGetLayoutFinished(QDBusPendingCallWatcher*)[0m: "Keine derartige Schnittstelle »com.canonical.dbusmenu« des Objekts im Pfad /org/ayatana/bamf/window/54536670"
[31mvoid DBusMenuImporter::slotGetLayoutFinished(QDBusPendingCallWatcher*)[0m: "Keine derartige Schnittstelle »com.canonical.dbusmenu« des Objekts im Pfad /org/ayatana/bamf/window/37748893"
[31mvoid DBusMenuImporter::slotGetLayoutFinished(QDBusPendingCallWatcher*)[0m: "Keine derartige Schnittstelle »com.canonical.dbusmenu« des Objekts im Pfad /org/ayatana/bamf/window/54540128"
[31mvoid DBusMenuImporter::slotGetLayoutFinished(QDBusPendingCallWatcher*)[0m: "Keine derartige Schnittstelle »com.canonical.dbusmenu« des Objekts im Pfad /org/ayatana/bamf/window/54541690"
[31mvoid DBusMenuImporter::slotGetLayoutFinished(QDBusPendingCallWatcher*)[0m: "Keine derartige Schnittstelle »com.canonical.dbusmenu« des Objekts im Pfad /org/ayatana/bamf/window/54541904"
[31mvoid DBusMenuImporter::slotGetLayoutFinished(QDBusPendingCallWatcher*)[0m: "Keine derartige Schnittstelle »com.canonical.dbusmenu« des Objekts im Pfad /org/ayatana/bamf/window/54542976"
[31mvoid DBusMenuImporter::slotGetLayoutFinished(QDBusPendingCallWatcher*)[0m: "Keine derartige Schnittstelle »com.canonical.dbusmenu« des Objekts im Pfad /org/ayatana/bamf/window/54544618"
[31mvoid DBusMenuImporter::slotGetLayoutFinished(QDBusPendingCallWatcher*)[0m: "Keine derartige Schnittstelle »com.canonical.dbusmenu« des Objekts im Pfad /org/ayatana/bamf/window/54546294"
[31mvoid DBusMenuImporter::slotAboutToShowDBusCallFinished(QDBusPendingCallWatcher*)[0m: Call to AboutToShow() failed: "The ID supplied 682 does not refer to a menu item we have"
[31mbool DBusMenuImporterPrivate::waitForWatcher(QDBusPendingCallWatcher*, int)[0m: "The ID supplied 682 does not refer to a menu item we have"
[31mvoid DBusMenuImporter::slotMenuAboutToShow()[0m: Application did not answer to AboutToShow() before timeout
[31mvoid DBusMenuImporter::slotAboutToShowDBusCallFinished(QDBusPendingCallWatcher*)[0m: Call to AboutToShow() failed: "The ID supplied 750 does not refer to a menu item we have"
[31mbool DBusMenuImporterPrivate::waitForWatcher(QDBusPendingCallWatcher*, int)[0m: "The ID supplied 750 does not refer to a menu item we have"
[31mvoid DBusMenuImporter::slotMenuAboutToShow()[0m: Application did not answer to AboutToShow() before timeout
[31mvoid DBusMenuImporter::slotGetLayoutFinished(QDBusPendingCallWatcher*)[0m: "Keine derartige Schnittstelle »com.canonical.dbusmenu« des Objekts im Pfad /org/ayatana/bamf/window/54548727"
[31mvoid DBusMenuImporter::slotAboutToShowDBusCallFinished(QDBusPendingCallWatcher*)[0m: Call to AboutToShow() failed: "Keine derartige Schnittstelle »com.canonical.dbusmenu« des Objekts im Pfad /org/ayatana/bamf/window/54548727"
[31mbool DBusMenuImporterPrivate::waitForWatcher(QDBusPendingCallWatcher*, int)[0m: "Keine derartige Schnittstelle »com.canonical.dbusmenu« des Objekts im Pfad /org/ayatana/bamf/window/54548727"
[31mvoid DBusMenuImporter::slotMenuAboutToShow()[0m: Application did not answer to AboutToShow() before timeout
[31mvoid DBusMenuImporter::slotAboutToShowDBusCallFinished(QDBusPendingCallWatcher*)[0m: Call to AboutToShow() failed: "The ID supplied 784 does not refer to a menu item we have"
[31mbool DBusMenuImporterPrivate::waitForWatcher(QDBusPendingCallWatcher*, int)[0m: "The ID supplied 784 does not refer to a menu item we have"
[31mvoid DBusMenuImporter::slotMenuAboutToShow()[0m: Application did not answer to AboutToShow() before timeout
[31mvoid DBusMenuImporter::slotGetLayoutFinished(QDBusPendingCallWatcher*)[0m: "Keine derartige Schnittstelle »com.canonical.dbusmenu« des Objekts im Pfad /org/ayatana/bamf/window/54550321"
[31mvoid DBusMenuImporter::slotGetLayoutFinished(QDBusPendingCallWatcher*)[0m: "Keine derartige Schnittstelle »com.canonical.dbusmenu« des Objekts im Pfad /org/ayatana/bamf/window/54551670"
[31mvoid DBusMenuImporter::slotGetLayoutFinished(QDBusPendingCallWatcher*)[0m: "Keine derartige Schnittstelle »com.canonical.dbusmenu« des Objekts im Pfad /org/ayatana/bamf/window/54553836"
[31mvoid DBusMenuImporter::slotGetLayoutFinished(QDBusPendingCallWatcher*)[0m: "Keine derartige Schnittstelle »com.canonical.dbusmenu« des Objekts im Pfad /org/ayatana/bamf/window/54566639"
[31mvoid DBusMenuImporter::slotGetLayoutFinished(QDBusPendingCallWatcher*)[0m: "Keine derartige Schnittstelle »com.canonical.dbusmenu« des Objekts im Pfad /org/ayatana/bamf/window/54575909"
[31mvoid DBusMenuImporter::slotGetLayoutFinished(QDBusPendingCallWatcher*)[0m: "Keine derartige Schnittstelle »com.canonical.dbusmenu« des Objekts im Pfad /org/ayatana/bamf/window/54595401"
[31mvoid DBusMenuImporter::slotGetLayoutFinished(QDBusPendingCallWatcher*)[0m: "Keine derartige Schnittstelle »com.canonical.dbusmenu« des Objekts im Pfad /org/ayatana/bamf/window/54609788"
[31mvoid DBusMenuImporter::slotGetLayoutFinished(QDBusPendingCallWatcher*)[0m: "Keine derartige Schnittstelle »com.canonical.dbusmenu« des Objekts im Pfad /org/ayatana/bamf/window/58720272"
[31mvoid DBusMenuImporter::slotGetLayoutFinished(QDBusPendingCallWatcher*)[0m: "Keine derartige Schnittstelle »com.canonical.dbusmenu« des Objekts im Pfad /org/ayatana/bamf/window/58720260"
[31mvoid DBusMenuImporter::slotGetLayoutFinished(QDBusPendingCallWatcher*)[0m: "Keine derartige Schnittstelle »com.canonical.dbusmenu« des Objekts im Pfad /org/ayatana/bamf/window/58720260"
[31mvoid DBusMenuImporter::slotGetLayoutFinished(QDBusPendingCallWatcher*)[0m: "Keine derartige Schnittstelle »com.canonical.dbusmenu« des Objekts im Pfad /org/ayatana/bamf/window/54700119"
[31mvoid DBusMenuImporter::slotGetLayoutFinished(QDBusPendingCallWatcher*)[0m: "Keine derartige Schnittstelle »com.canonical.dbusmenu« des Objekts im Pfad /org/ayatana/bamf/window/54707432"
[31mvoid DBusMenuImporter::slotGetLayoutFinished(QDBusPendingCallWatcher*)[0m: "Keine derartige Schnittstelle »com.canonical.dbusmenu« des Objekts im Pfad /org/ayatana/bamf/window/54868737"
[31mvoid DBusMenuImporter::slotGetLayoutFinished(QDBusPendingCallWatcher*)[0m: "Keine derartige Schnittstelle »com.canonical.dbusmenu« des Objekts im Pfad /org/ayatana/bamf/window/37749443"
[31mvoid DBusMenuImporter::slotGetLayoutFinished(QDBusPendingCallWatcher*)[0m: "Keine derartige Schnittstelle »com.canonical.dbusmenu« des Objekts im Pfad /org/ayatana/bamf/window/37748765"
[31mvoid DBusMenuImporter::slotGetLayoutFinished(QDBusPendingCallWatcher*)[0m: "Keine derartige Schnittstelle »com.canonical.dbusmenu« des Objekts im Pfad /org/ayatana/bamf/window/54891666"
[31mvoid DBusMenuImporter::slotGetLayoutFinished(QDBusPendingCallWatcher*)[0m: "Keine derartige Schnittstelle »com.canonical.dbusmenu« des Objekts im Pfad /org/ayatana/bamf/window/37748765"
[31mvoid DBusMenuImporter::slotGetLayoutFinished(QDBusPendingCallWatcher*)[0m: "Keine derartige Schnittstelle »com.canonical.dbusmenu« des Objekts im Pfad /org/ayatana/bamf/window/54936906"
[31mvoid DBusMenuImporter::slotGetLayoutFinished(QDBusPendingCallWatcher*)[0m: "Keine derartige Schnittstelle »com.canonical.dbusmenu« des Objekts im Pfad /org/ayatana/bamf/window/39846191"
[31mvoid DBusMenuImporter::slotGetLayoutFinished(QDBusPendingCallWatcher*)[0m: "Keine derartige Schnittstelle »com.canonical.dbusmenu« des Objekts im Pfad /org/ayatana/bamf/window/54937427"
[31mvoid DBusMenuImporter::slotGetLayoutFinished(QDBusPendingCallWatcher*)[0m: "Keine derartige Schnittstelle »com.canonical.dbusmenu« des Objekts im Pfad /org/ayatana/bamf/window/54941617"
[31mvoid DBusMenuImporter::slotGetLayoutFinished(QDBusPendingCallWatcher*)[0m: "Keine derartige Schnittstelle »com.canonical.dbusmenu« des Objekts im Pfad /org/ayatana/bamf/window/54941888"
[31mvoid DBusMenuImporter::slotGetLayoutFinished(QDBusPendingCallWatcher*)[0m: "Keine derartige Schnittstelle »com.canonical.dbusmenu« des Objekts im Pfad /org/ayatana/bamf/window/54942282"
[31mvoid DBusMenuImporter::slotGetLayoutFinished(QDBusPendingCallWatcher*)[0m: "Keine derartige Schnittstelle »com.canonical.dbusmenu« des Objekts im Pfad /org/ayatana/bamf/window/54943612"
[31mvoid DBusMenuImporter::slotGetLayoutFinished(QDBusPendingCallWatcher*)[0m: "Keine derartige Schnittstelle »com.canonical.dbusmenu« des Objekts im Pfad /org/ayatana/bamf/window/54944008"
[31mvoid DBusMenuImporter::slotGetLayoutFinished(QDBusPendingCallWatcher*)[0m: "Keine derartige Schnittstelle »com.canonical.dbusmenu« des Objekts im Pfad /org/ayatana/bamf/window/54944428"
[31mvoid DBusMenuImporter::slotGetLayoutFinished(QDBusPendingCallWatcher*)[0m: "Keine derartige Schnittstelle »com.canonical.dbusmenu« des Objekts im Pfad /org/ayatana/bamf/window/54525960"
[31mvoid DBusMenuImporter::slotGetLayoutFinished(QDBusPendingCallWatcher*)[0m: "Keine derartige Schnittstelle »com.canonical.dbusmenu« des Objekts im Pfad /org/ayatana/bamf/window/54525955"
[31mvoid DBusMenuImporter::slotGetLayoutFinished(QDBusPendingCallWatcher*)[0m: "Keine derartige Schnittstelle »com.canonical.dbusmenu« des Objekts im Pfad /org/ayatana/bamf/window/54574674"
[31mvoid DBusMenuImporter::slotGetLayoutFinished(QDBusPendingCallWatcher*)[0m: "Keine derartige Schnittstelle »com.canonical.dbusmenu« des Objekts im Pfad /org/ayatana/bamf/window/54605781"
[31mvoid DBusMenuImporter::slotGetLayoutFinished(QDBusPendingCallWatcher*)[0m: "Keine derartige Schnittstelle »com.canonical.dbusmenu« des Objekts im Pfad /org/ayatana/bamf/window/39848776"
[31mvoid DBusMenuImporter::slotGetLayoutFinished(QDBusPendingCallWatcher*)[0m: "Keine derartige Schnittstelle »com.canonical.dbusmenu« des Objekts im Pfad /org/ayatana/bamf/window/39852334"
[31mvoid DBusMenuImporter::slotGetLayoutFinished(QDBusPendingCallWatcher*)[0m: "Keine derartige Schnittstelle »com.canonical.dbusmenu« des Objekts im Pfad /org/ayatana/bamf/window/39853554"
[31mvoid DBusMenuImporter::slotGetLayoutFinished(QDBusPendingCallWatcher*)[0m: "Keine derartige Schnittstelle »com.canonical.dbusmenu« des Objekts im Pfad /org/ayatana/bamf/window/39854151"
[31mvoid DBusMenuImporter::slotGetLayoutFinished(QDBusPendingCallWatcher*)[0m: "Keine derartige Schnittstelle »com.canonical.dbusmenu« des Objekts im Pfad /org/ayatana/bamf/window/37748765"
[31mvoid DBusMenuImporter::slotGetLayoutFinished(QDBusPendingCallWatcher*)[0m: "Keine derartige Schnittstelle »com.canonical.dbusmenu« des Objekts im Pfad /org/ayatana/bamf/window/54525955"
[31mvoid DBusMenuImporter::slotGetLayoutFinished(QDBusPendingCallWatcher*)[0m: "Keine derartige Schnittstelle »com.canonical.dbusmenu« des Objekts im Pfad /org/ayatana/bamf/window/54526042"
[31mvoid DBusMenuImporter::slotGetLayoutFinished(QDBusPendingCallWatcher*)[0m: "Keine derartige Schnittstelle »com.canonical.dbusmenu« des Objekts im Pfad /org/ayatana/bamf/window/58720260"
