
(unity-panel-service:4135): Indicator-Appmenu-CRITICAL **: window_menu_model_new: assertion 'BAMF_IS_APPLICATION(app)' failed

(unity-panel-service:4135): Indicator-Appmenu-CRITICAL **: track_menus: assertion 'IS_WINDOW_MENU(menus)' failed

(unity-panel-service:4135): Indicator-Appmenu-CRITICAL **: menus_destroyed: assertion 'IS_WINDOW_MENU(wm)' failed

(unity-panel-service:4135): Indicator-Appmenu-WARNING **: Already have a menu for window ID 60817439 with path /com/canonical/menu/3A0001F from :1.73, unregistering that one

(unity-panel-service:4135): Gtk-CRITICAL **: gtk_label_set_text_with_mnemonic: assertion 'str != NULL' failed

(unity-panel-service:4135): Gtk-CRITICAL **: gtk_label_set_text_with_mnemonic: assertion 'str != NULL' failed

(unity-panel-service:4135): Gtk-CRITICAL **: gtk_label_set_text_with_mnemonic: assertion 'str != NULL' failed

(unity-panel-service:4135): Gtk-CRITICAL **: gtk_label_set_text_with_mnemonic: assertion 'str != NULL' failed

(unity-panel-service:4135): Gtk-CRITICAL **: gtk_label_set_text_with_mnemonic: assertion 'str != NULL' failed

(unity-panel-service:4135): Gtk-CRITICAL **: gtk_label_set_text_with_mnemonic: assertion 'str != NULL' failed

(unity-panel-service:4135): Gtk-CRITICAL **: gtk_label_set_text_with_mnemonic: assertion 'str != NULL' failed

(unity-panel-service:4135): Gtk-CRITICAL **: gtk_label_set_text_with_mnemonic: assertion 'str != NULL' failed

(unity-panel-service:4135): Gtk-CRITICAL **: gtk_label_set_text_with_mnemonic: assertion 'str != NULL' failed

(unity-panel-service:4135): Gtk-CRITICAL **: gtk_label_set_text_with_mnemonic: assertion 'str != NULL' failed

(unity-panel-service:4135): Gtk-CRITICAL **: gtk_label_set_text_with_mnemonic: assertion 'str != NULL' failed

(unity-panel-service:4135): Gtk-CRITICAL **: gtk_label_set_text_with_mnemonic: assertion 'str != NULL' failed

(unity-panel-service:4135): Gtk-CRITICAL **: gtk_label_set_text_with_mnemonic: assertion 'str != NULL' failed

(unity-panel-service:4135): Gtk-CRITICAL **: gtk_label_set_text_with_mnemonic: assertion 'str != NULL' failed

(unity-panel-service:4135): Gtk-CRITICAL **: gtk_label_set_text_with_mnemonic: assertion 'str != NULL' failed

(unity-panel-service:4135): Gtk-CRITICAL **: gtk_label_set_text_with_mnemonic: assertion 'str != NULL' failed

(unity-panel-service:4135): Gtk-CRITICAL **: gtk_label_set_text_with_mnemonic: assertion 'str != NULL' failed

(unity-panel-service:4135): Gtk-CRITICAL **: gtk_label_set_text_with_mnemonic: assertion 'str != NULL' failed

(unity-panel-service:4135): Gtk-CRITICAL **: gtk_label_set_text_with_mnemonic: assertion 'str != NULL' failed

(unity-panel-service:4135): Gtk-CRITICAL **: gtk_label_set_text_with_mnemonic: assertion 'str != NULL' failed

(unity-panel-service:4135): Gtk-CRITICAL **: gtk_label_set_text_with_mnemonic: assertion 'str != NULL' failed

(unity-panel-service:4135): Gtk-CRITICAL **: gtk_label_set_text_with_mnemonic: assertion 'str != NULL' failed

(unity-panel-service:4135): Gtk-CRITICAL **: gtk_label_set_text_with_mnemonic: assertion 'str != NULL' failed

(unity-panel-service:4135): Gtk-CRITICAL **: gtk_label_set_text_with_mnemonic: assertion 'str != NULL' failed

(unity-panel-service:4135): Gtk-CRITICAL **: gtk_label_set_text_with_mnemonic: assertion 'str != NULL' failed

(unity-panel-service:4135): Gtk-CRITICAL **: gtk_label_set_text_with_mnemonic: assertion 'str != NULL' failed

(unity-panel-service:4135): Gtk-CRITICAL **: gtk_label_set_text_with_mnemonic: assertion 'str != NULL' failed

(unity-panel-service:4135): Gtk-CRITICAL **: gtk_label_set_text_with_mnemonic: assertion 'str != NULL' failed

(unity-panel-service:4135): Gtk-CRITICAL **: gtk_label_set_text_with_mnemonic: assertion 'str != NULL' failed

(unity-panel-service:4135): Gtk-CRITICAL **: gtk_label_set_text_with_mnemonic: assertion 'str != NULL' failed

(unity-panel-service:4135): Gtk-CRITICAL **: gtk_label_set_text_with_mnemonic: assertion 'str != NULL' failed

(unity-panel-service:4135): Gtk-CRITICAL **: gtk_label_set_text_with_mnemonic: assertion 'str != NULL' failed

(unity-panel-service:4135): Gtk-CRITICAL **: gtk_label_set_text_with_mnemonic: assertion 'str != NULL' failed

(unity-panel-service:4135): Gtk-CRITICAL **: gtk_label_set_text_with_mnemonic: assertion 'str != NULL' failed

(unity-panel-service:4135): Gtk-CRITICAL **: gtk_label_set_text_with_mnemonic: assertion 'str != NULL' failed

(unity-panel-service:4135): Gtk-CRITICAL **: gtk_label_set_text_with_mnemonic: assertion 'str != NULL' failed

(unity-panel-service:4135): Gtk-CRITICAL **: gtk_label_set_text_with_mnemonic: assertion 'str != NULL' failed

(unity-panel-service:4135): Gtk-CRITICAL **: gtk_label_set_text_with_mnemonic: assertion 'str != NULL' failed

(unity-panel-service:4135): Gtk-CRITICAL **: gtk_label_set_text_with_mnemonic: assertion 'str != NULL' failed

(unity-panel-service:4135): Gtk-CRITICAL **: gtk_label_set_text_with_mnemonic: assertion 'str != NULL' failed

(unity-panel-service:4135): Gtk-CRITICAL **: gtk_label_set_text_with_mnemonic: assertion 'str != NULL' failed

(unity-panel-service:4135): Gtk-CRITICAL **: gtk_label_set_text_with_mnemonic: assertion 'str != NULL' failed

(unity-panel-service:4135): Gtk-CRITICAL **: gtk_label_set_text_with_mnemonic: assertion 'str != NULL' failed

(unity-panel-service:4135): Gtk-CRITICAL **: gtk_label_set_text_with_mnemonic: assertion 'str != NULL' failed

(unity-panel-service:4135): Gtk-CRITICAL **: gtk_label_set_text_with_mnemonic: assertion 'str != NULL' failed

(unity-panel-service:4135): Gtk-CRITICAL **: gtk_label_set_text_with_mnemonic: assertion 'str != NULL' failed

(unity-panel-service:4135): Gtk-CRITICAL **: gtk_label_set_text_with_mnemonic: assertion 'str != NULL' failed

(unity-panel-service:4135): Gtk-CRITICAL **: gtk_label_set_text_with_mnemonic: assertion 'str != NULL' failed

(unity-panel-service:4135): Gtk-CRITICAL **: gtk_label_set_text_with_mnemonic: assertion 'str != NULL' failed

(unity-panel-service:4135): Gtk-CRITICAL **: gtk_label_set_text_with_mnemonic: assertion 'str != NULL' failed

(unity-panel-service:4135): Gtk-CRITICAL **: gtk_label_set_text_with_mnemonic: assertion 'str != NULL' failed

(unity-panel-service:4135): Gtk-CRITICAL **: gtk_label_set_text_with_mnemonic: assertion 'str != NULL' failed

(unity-panel-service:4135): Gtk-CRITICAL **: gtk_label_set_text_with_mnemonic: assertion 'str != NULL' failed

(unity-panel-service:4135): Gtk-CRITICAL **: gtk_label_set_text_with_mnemonic: assertion 'str != NULL' failed

(unity-panel-service:4135): Gtk-CRITICAL **: gtk_label_set_text_with_mnemonic: assertion 'str != NULL' failed

(unity-panel-service:4135): Gtk-CRITICAL **: gtk_label_set_text_with_mnemonic: assertion 'str != NULL' failed

(unity-panel-service:4135): Gtk-CRITICAL **: gtk_label_set_text_with_mnemonic: assertion 'str != NULL' failed

(unity-panel-service:4135): Gtk-CRITICAL **: gtk_label_set_text_with_mnemonic: assertion 'str != NULL' failed

(unity-panel-service:4135): Gtk-CRITICAL **: gtk_label_set_text_with_mnemonic: assertion 'str != NULL' failed

(unity-panel-service:4135): Gtk-CRITICAL **: gtk_label_set_text_with_mnemonic: assertion 'str != NULL' failed

(unity-panel-service:4135): Gtk-CRITICAL **: gtk_label_set_text_with_mnemonic: assertion 'str != NULL' failed

(unity-panel-service:4135): Gtk-CRITICAL **: gtk_label_set_text_with_mnemonic: assertion 'str != NULL' failed

(unity-panel-service:4135): Gtk-CRITICAL **: gtk_label_set_text_with_mnemonic: assertion 'str != NULL' failed

(unity-panel-service:4135): Gtk-CRITICAL **: gtk_label_set_text_with_mnemonic: assertion 'str != NULL' failed

(unity-panel-service:4135): Gtk-CRITICAL **: gtk_label_set_text_with_mnemonic: assertion 'str != NULL' failed

(unity-panel-service:4135): Gtk-CRITICAL **: gtk_label_set_text_with_mnemonic: assertion 'str != NULL' failed

(unity-panel-service:4135): Gtk-CRITICAL **: gtk_label_set_text_with_mnemonic: assertion 'str != NULL' failed

(unity-panel-service:4135): Gtk-CRITICAL **: gtk_label_set_text_with_mnemonic: assertion 'str != NULL' failed

(unity-panel-service:4135): Gtk-CRITICAL **: gtk_label_set_text_with_mnemonic: assertion 'str != NULL' failed

(unity-panel-service:4135): Gtk-CRITICAL **: gtk_label_set_text_with_mnemonic: assertion 'str != NULL' failed

(unity-panel-service:4135): Gtk-CRITICAL **: gtk_label_set_text_with_mnemonic: assertion 'str != NULL' failed

(unity-panel-service:4135): Gtk-CRITICAL **: gtk_label_set_text_with_mnemonic: assertion 'str != NULL' failed

(unity-panel-service:4135): Gtk-CRITICAL **: gtk_label_set_text_with_mnemonic: assertion 'str != NULL' failed

(unity-panel-service:4135): Gtk-CRITICAL **: gtk_label_set_text_with_mnemonic: assertion 'str != NULL' failed

(unity-panel-service:4135): Gtk-CRITICAL **: gtk_label_set_text_with_mnemonic: assertion 'str != NULL' failed

(unity-panel-service:4135): Gtk-CRITICAL **: gtk_label_set_text_with_mnemonic: assertion 'str != NULL' failed

(unity-panel-service:4135): Gtk-CRITICAL **: gtk_label_set_text_with_mnemonic: assertion 'str != NULL' failed

(unity-panel-service:4135): Gtk-CRITICAL **: gtk_label_set_text_with_mnemonic: assertion 'str != NULL' failed

(unity-panel-service:4135): Gtk-CRITICAL **: gtk_label_set_text_with_mnemonic: assertion 'str != NULL' failed

(unity-panel-service:4135): Gtk-CRITICAL **: gtk_label_set_text_with_mnemonic: assertion 'str != NULL' failed

(unity-panel-service:4135): Gtk-CRITICAL **: gtk_label_set_text_with_mnemonic: assertion 'str != NULL' failed

(unity-panel-service:4135): Gtk-CRITICAL **: gtk_label_set_text_with_mnemonic: assertion 'str != NULL' failed

(unity-panel-service:4135): Gtk-CRITICAL **: gtk_label_set_text_with_mnemonic: assertion 'str != NULL' failed

(unity-panel-service:4135): Gtk-CRITICAL **: gtk_label_set_text_with_mnemonic: assertion 'str != NULL' failed

(unity-panel-service:4135): Gtk-CRITICAL **: gtk_label_set_text_with_mnemonic: assertion 'str != NULL' failed

(unity-panel-service:4135): Gtk-CRITICAL **: gtk_label_set_text_with_mnemonic: assertion 'str != NULL' failed

(unity-panel-service:4135): Gtk-CRITICAL **: gtk_label_set_text_with_mnemonic: assertion 'str != NULL' failed

(unity-panel-service:4135): Gtk-CRITICAL **: gtk_label_set_text_with_mnemonic: assertion 'str != NULL' failed

(unity-panel-service:4135): Gtk-CRITICAL **: gtk_label_set_text_with_mnemonic: assertion 'str != NULL' failed

(unity-panel-service:4135): Gtk-CRITICAL **: gtk_label_set_text_with_mnemonic: assertion 'str != NULL' failed

(unity-panel-service:4135): Gtk-CRITICAL **: gtk_label_set_text_with_mnemonic: assertion 'str != NULL' failed

(unity-panel-service:4135): Gtk-CRITICAL **: gtk_label_set_text_with_mnemonic: assertion 'str != NULL' failed

(unity-panel-service:4135): Gtk-CRITICAL **: gtk_label_set_text_with_mnemonic: assertion 'str != NULL' failed

(unity-panel-service:4135): Gtk-CRITICAL **: gtk_label_set_text_with_mnemonic: assertion 'str != NULL' failed

(unity-panel-service:4135): Gtk-CRITICAL **: gtk_label_set_text_with_mnemonic: assertion 'str != NULL' failed

(unity-panel-service:4135): Gtk-CRITICAL **: gtk_label_set_text_with_mnemonic: assertion 'str != NULL' failed

(unity-panel-service:4135): Gtk-CRITICAL **: gtk_label_set_text_with_mnemonic: assertion 'str != NULL' failed

(unity-panel-service:4135): Gtk-CRITICAL **: gtk_label_set_text_with_mnemonic: assertion 'str != NULL' failed

(unity-panel-service:4135): Gtk-CRITICAL **: gtk_label_set_text_with_mnemonic: assertion 'str != NULL' failed

(unity-panel-service:4135): Gtk-CRITICAL **: gtk_label_set_text_with_mnemonic: assertion 'str != NULL' failed

(unity-panel-service:4135): Gtk-CRITICAL **: gtk_label_set_text_with_mnemonic: assertion 'str != NULL' failed

(unity-panel-service:4135): Gtk-CRITICAL **: gtk_label_set_text_with_mnemonic: assertion 'str != NULL' failed

(unity-panel-service:4135): Gtk-CRITICAL **: gtk_label_set_text_with_mnemonic: assertion 'str != NULL' failed

(unity-panel-service:4135): Gtk-CRITICAL **: gtk_label_set_text_with_mnemonic: assertion 'str != NULL' failed

(unity-panel-service:4135): Gtk-CRITICAL **: gtk_label_set_text_with_mnemonic: assertion 'str != NULL' failed

(unity-panel-service:4135): Gtk-CRITICAL **: gtk_label_set_text_with_mnemonic: assertion 'str != NULL' failed

(unity-panel-service:4135): Gtk-CRITICAL **: gtk_label_set_text_with_mnemonic: assertion 'str != NULL' failed

(unity-panel-service:4135): Gtk-CRITICAL **: gtk_label_set_text_with_mnemonic: assertion 'str != NULL' failed

(unity-panel-service:4135): Gtk-CRITICAL **: gtk_label_set_text_with_mnemonic: assertion 'str != NULL' failed

(unity-panel-service:4135): Gtk-CRITICAL **: gtk_label_set_text_with_mnemonic: assertion 'str != NULL' failed

(unity-panel-service:4135): Gtk-CRITICAL **: gtk_label_set_text_with_mnemonic: assertion 'str != NULL' failed

(unity-panel-service:4135): Gtk-CRITICAL **: gtk_label_set_text_with_mnemonic: assertion 'str != NULL' failed

(unity-panel-service:4135): Gtk-CRITICAL **: gtk_label_set_text_with_mnemonic: assertion 'str != NULL' failed

(unity-panel-service:4135): Gtk-CRITICAL **: gtk_label_set_text_with_mnemonic: assertion 'str != NULL' failed

(unity-panel-service:4135): Gtk-CRITICAL **: gtk_label_set_text_with_mnemonic: assertion 'str != NULL' failed

(unity-panel-service:4135): Gtk-CRITICAL **: gtk_label_set_text_with_mnemonic: assertion 'str != NULL' failed

(unity-panel-service:4135): Gtk-CRITICAL **: gtk_label_set_text_with_mnemonic: assertion 'str != NULL' failed

(unity-panel-service:4135): Gtk-CRITICAL **: gtk_label_set_text_with_mnemonic: assertion 'str != NULL' failed

(unity-panel-service:4135): Gtk-CRITICAL **: gtk_label_set_text_with_mnemonic: assertion 'str != NULL' failed

(unity-panel-service:4135): Gtk-CRITICAL **: gtk_label_set_text_with_mnemonic: assertion 'str != NULL' failed

(unity-panel-service:4135): Gtk-CRITICAL **: gtk_label_set_text_with_mnemonic: assertion 'str != NULL' failed

(unity-panel-service:4135): Gtk-CRITICAL **: gtk_label_set_text_with_mnemonic: assertion 'str != NULL' failed

(unity-panel-service:4135): Gtk-CRITICAL **: gtk_label_set_text_with_mnemonic: assertion 'str != NULL' failed

(unity-panel-service:4135): Gtk-CRITICAL **: gtk_label_set_text_with_mnemonic: assertion 'str != NULL' failed

(unity-panel-service:4135): Gtk-CRITICAL **: gtk_label_set_text_with_mnemonic: assertion 'str != NULL' failed

(unity-panel-service:4135): Gtk-CRITICAL **: gtk_label_set_text_with_mnemonic: assertion 'str != NULL' failed

(unity-panel-service:4135): Gtk-CRITICAL **: gtk_label_set_text_with_mnemonic: assertion 'str != NULL' failed

(unity-panel-service:4135): Gtk-CRITICAL **: gtk_label_set_text_with_mnemonic: assertion 'str != NULL' failed

(unity-panel-service:4135): Gtk-CRITICAL **: gtk_label_set_text_with_mnemonic: assertion 'str != NULL' failed

(unity-panel-service:4135): Gtk-CRITICAL **: gtk_label_set_text_with_mnemonic: assertion 'str != NULL' failed

(unity-panel-service:4135): Gtk-CRITICAL **: gtk_label_set_text_with_mnemonic: assertion 'str != NULL' failed

(unity-panel-service:4135): Gtk-CRITICAL **: gtk_label_set_text_with_mnemonic: assertion 'str != NULL' failed

(unity-panel-service:4135): Gtk-CRITICAL **: gtk_label_set_text_with_mnemonic: assertion 'str != NULL' failed

(unity-panel-service:4135): Gtk-CRITICAL **: gtk_label_set_text_with_mnemonic: assertion 'str != NULL' failed

(unity-panel-service:4135): Gtk-CRITICAL **: gtk_label_set_text_with_mnemonic: assertion 'str != NULL' failed

(unity-panel-service:4135): Gtk-CRITICAL **: gtk_label_set_text_with_mnemonic: assertion 'str != NULL' failed

(unity-panel-service:4135): Gtk-CRITICAL **: gtk_label_set_text_with_mnemonic: assertion 'str != NULL' failed

(unity-panel-service:4135): Gtk-CRITICAL **: gtk_label_set_text_with_mnemonic: assertion 'str != NULL' failed

(unity-panel-service:4135): Gtk-CRITICAL **: gtk_label_set_text_with_mnemonic: assertion 'str != NULL' failed

(unity-panel-service:4135): Gtk-CRITICAL **: gtk_label_set_text_with_mnemonic: assertion 'str != NULL' failed

(unity-panel-service:4135): Gtk-CRITICAL **: gtk_label_set_text_with_mnemonic: assertion 'str != NULL' failed

(unity-panel-service:4135): Gtk-CRITICAL **: gtk_label_set_text_with_mnemonic: assertion 'str != NULL' failed

(unity-panel-service:4135): Gtk-CRITICAL **: gtk_label_set_text_with_mnemonic: assertion 'str != NULL' failed

(unity-panel-service:4135): Gtk-CRITICAL **: gtk_label_set_text_with_mnemonic: assertion 'str != NULL' failed

(unity-panel-service:4135): Gtk-CRITICAL **: gtk_label_set_text_with_mnemonic: assertion 'str != NULL' failed

(unity-panel-service:4135): Gtk-CRITICAL **: gtk_label_set_text_with_mnemonic: assertion 'str != NULL' failed

(unity-panel-service:4135): Gtk-CRITICAL **: gtk_label_set_text_with_mnemonic: assertion 'str != NULL' failed

(unity-panel-service:4135): Gtk-CRITICAL **: gtk_label_set_text_with_mnemonic: assertion 'str != NULL' failed

(unity-panel-service:4135): Gtk-CRITICAL **: gtk_label_set_text_with_mnemonic: assertion 'str != NULL' failed

(unity-panel-service:4135): Gtk-CRITICAL **: gtk_label_set_text_with_mnemonic: assertion 'str != NULL' failed

(unity-panel-service:4135): Gtk-CRITICAL **: gtk_label_set_text_with_mnemonic: assertion 'str != NULL' failed

(unity-panel-service:4135): Gtk-CRITICAL **: gtk_label_set_text_with_mnemonic: assertion 'str != NULL' failed

(unity-panel-service:4135): Gtk-CRITICAL **: gtk_label_set_text_with_mnemonic: assertion 'str != NULL' failed

(unity-panel-service:4135): Gtk-CRITICAL **: gtk_label_set_text_with_mnemonic: assertion 'str != NULL' failed

(unity-panel-service:4135): Gtk-CRITICAL **: gtk_label_set_text_with_mnemonic: assertion 'str != NULL' failed

(unity-panel-service:4135): Gtk-CRITICAL **: gtk_label_set_text_with_mnemonic: assertion 'str != NULL' failed

(unity-panel-service:4135): Gtk-CRITICAL **: gtk_label_set_text_with_mnemonic: assertion 'str != NULL' failed
