failed to create drawable
compiz (core) - Warn: glXCreatePixmap failed
failed to create drawable
compiz (core) - Warn: glXCreatePixmap failed
failed to create drawable
compiz (core) - Warn: glXCreatePixmap failed
failed to create drawable
compiz (core) - Warn: glXCreatePixmap failed
failed to create drawable
compiz (core) - Warn: glXCreatePixmap failed
console.error: 
  Corrupt session file (invalid JSON found) 
  Message: SyntaxError: JSON.parse: unexpected end of data at line 1 column 1 of the JSON data
  Stack:
    SessionFileInternal.read<@resource://app/modules/sessionstore/SessionFile.jsm:227:22
TaskImpl_run@resource://gre/modules/Task.jsm:319:40
Handler.prototype.process@resource://gre/modules/Promise.jsm -> resource://gre/modules/Promise-backend.js:937:23
this.PromiseWalker.walkerLoop@resource://gre/modules/Promise.jsm -> resource://gre/modules/Promise-backend.js:816:7
this.PromiseWalker.scheduleWalkerLoop/<@resource://gre/modules/Promise.jsm -> resource://gre/modules/Promise-backend.js:750:11

  SessionFileInternal.read<@resource://app/modules/sessionstore/SessionFile.jsm:227:22
TaskImpl_run@resource://gre/modules/Task.jsm:319:40
Handler.prototype.process@resource://gre/modules/Promise.jsm -> resource://gre/modules/Promise-backend.js:937:23
this.PromiseWalker.walkerLoop@resource://gre/modules/Promise.jsm -> resource://gre/modules/Promise-backend.js:816:7
this.PromiseWalker.scheduleWalkerLoop/<@resource://gre/modules/Promise.jsm -> resource://gre/modules/Promise-backend.js:750:11

failed to create drawable
compiz (core) - Warn: glXCreatePixmap failed
failed to create drawable
compiz (core) - Warn: glXCreatePixmap failed
failed to create drawable
compiz (core) - Warn: glXCreatePixmap failed
failed to create drawable
compiz (core) - Warn: glXCreatePixmap failed
failed to create drawable
compiz (core) - Warn: glXCreatePixmap failed
failed to create drawable
compiz (core) - Warn: glXCreatePixmap failed

###!!! [Child][MessageChannel] Error: (msgtype=0x4A00C2,name=PContent::Msg_ConsoleMessage) Channel closing: too late to send/recv, messages will be lost

1483961530194	addons.update-checker	WARN	Update manifest for firefox@getpocket.com did not contain an updates property
1483961530251	addons.update-checker	WARN	Update manifest for aushelper@mozilla.org did not contain an updates property
1483961530284	addons.update-checker	WARN	Update manifest for webcompat@mozilla.org did not contain an updates property
1483961530304	addons.update-checker	WARN	Update manifest for e10srollout@mozilla.org did not contain an updates property
1483961530388	addons.update-checker	WARN	Update manifest for {972ce4c6-7e08-4474-a285-3208198ce6fd} did not contain an updates property
ATTENTION: default value of option force_s3tc_enable overridden by environment.

(firefox:22257): LIBDBUSMENU-GTK-CRITICAL **: dbusmenu_menuitem_property_set_shortcut: assertion 'gtk_accelerator_valid(key, modifier)' failed
ConfigBase::load: Unable to open /home/philippe/.config/terminator/config ([Errno 2] Datei oder Verzeichnis nicht gefunden: '/home/philippe/.config/terminator/config')
PluginRegistry::load_plugins: Importing plugin __init__.py failed: 'module' object has no attribute 'AVAILABLE'
ATTENTION: default value of option force_s3tc_enable overridden by environment.
<Window object at 0xb0f34194 (terminatorlib+window+Window at 0x9702a78)> is not in registered window list
ConfigBase::load: Unable to open /home/philippe/.config/terminator/config ([Errno 2] Datei oder Verzeichnis nicht gefunden: '/home/philippe/.config/terminator/config')
PluginRegistry::load_plugins: Importing plugin __init__.py failed: 'module' object has no attribute 'AVAILABLE'
WARN  2017-01-10 11:50:18 unity.iconloader IconLoader.cpp:756 Unable to load icon file:/// at size -1x22: Ordner kann nicht geöffnet werden
1484047929722	addons.update-checker	WARN	Update manifest for aushelper@mozilla.org did not contain an updates property
1484047929841	addons.update-checker	WARN	Update manifest for e10srollout@mozilla.org did not contain an updates property
1484047929858	addons.update-checker	WARN	Update manifest for firefox@getpocket.com did not contain an updates property
1484047929872	addons.update-checker	WARN	Update manifest for webcompat@mozilla.org did not contain an updates property
1484047930055	addons.update-checker	WARN	Update manifest for {972ce4c6-7e08-4474-a285-3208198ce6fd} did not contain an updates property
1484557938218	addons.update-checker	WARN	Update manifest for e10srollout@mozilla.org did not contain an updates property
1484557938233	addons.update-checker	WARN	Update manifest for firefox@getpocket.com did not contain an updates property
1484557938249	addons.update-checker	WARN	Update manifest for webcompat@mozilla.org did not contain an updates property
1484557938281	addons.update-checker	WARN	Update manifest for aushelper@mozilla.org did not contain an updates property
1484557938418	addons.update-checker	WARN	Update manifest for {972ce4c6-7e08-4474-a285-3208198ce6fd} did not contain an updates property
*************************
A coding exception was thrown and uncaught in a Task.

Full message: TypeError: NetworkError when attempting to fetch resource.
Full stack: 
*************************
1484644417224	addons.repository	WARN	Search failed when repopulating cache
1484644477245	addons.update-checker	WARN	Request for https://versioncheck-bg.addons.mozilla.org/update/VersionCheck.php?reqVersion=2&id=ubufox@ubuntu.com&version=3.2&maxAppVersion=37.0a1&status=userEnabled&appID={ec8030f7-c20a-464f-9b0e-13a3a9e97384}&appVersion=50.1.0&appOS=Linux&appABI=x86-gcc3&locale=de-DE&currentAppVersion=50.1.0&updateType=112&compatMode=normal timed out
1484644477260	addons.update-checker	WARN	Request for https://versioncheck-bg.addons.mozilla.org/update/VersionCheck.php?reqVersion=2&id=e10srollout@mozilla.org&version=1.5&maxAppVersion=50.*&status=userEnabled&appID={ec8030f7-c20a-464f-9b0e-13a3a9e97384}&appVersion=50.1.0&appOS=Linux&appABI=x86-gcc3&locale=de-DE&currentAppVersion=50.1.0&updateType=112&compatMode=normal timed out
1484644477261	addons.update-checker	WARN	Request for https://versioncheck-bg.addons.mozilla.org/update/VersionCheck.php?reqVersion=2&id=firefox@getpocket.com&version=1.0.5&maxAppVersion=50.*&status=userEnabled&appID={ec8030f7-c20a-464f-9b0e-13a3a9e97384}&appVersion=50.1.0&appOS=Linux&appABI=x86-gcc3&locale=de-DE&currentAppVersion=50.1.0&updateType=112&compatMode=normal timed out
1484644477262	addons.update-checker	WARN	Request for https://versioncheck-bg.addons.mozilla.org/update/VersionCheck.php?reqVersion=2&id=webcompat@mozilla.org&version=1.0&maxAppVersion=50.*&status=userEnabled&appID={ec8030f7-c20a-464f-9b0e-13a3a9e97384}&appVersion=50.1.0&appOS=Linux&appABI=x86-gcc3&locale=de-DE&currentAppVersion=50.1.0&updateType=112&compatMode=normal timed out
1484644477276	addons.update-checker	WARN	Request for https://versioncheck-bg.addons.mozilla.org/update/VersionCheck.php?reqVersion=2&id=aushelper@mozilla.org&version=1.0&maxAppVersion=50.*&status=userEnabled&appID={ec8030f7-c20a-464f-9b0e-13a3a9e97384}&appVersion=50.1.0&appOS=Linux&appABI=x86-gcc3&locale=de-DE&currentAppVersion=50.1.0&updateType=112&compatMode=normal timed out
1484644477277	addons.update-checker	WARN	Request for https://versioncheck-bg.addons.mozilla.org/update/VersionCheck.php?reqVersion=2&id=langpack-en-ZA@firefox.mozilla.org&version=50.1.0&maxAppVersion=50.*&status=userEnabled&appID={ec8030f7-c20a-464f-9b0e-13a3a9e97384}&appVersion=50.1.0&appOS=Linux&appABI=x86-gcc3&locale=de-DE&currentAppVersion=50.1.0&updateType=112&compatMode=normal timed out
1484644477278	addons.update-checker	WARN	Request for https://versioncheck-bg.addons.mozilla.org/update/VersionCheck.php?reqVersion=2&id=langpack-en-GB@firefox.mozilla.org&version=50.1.0&maxAppVersion=50.*&status=userEnabled&appID={ec8030f7-c20a-464f-9b0e-13a3a9e97384}&appVersion=50.1.0&appOS=Linux&appABI=x86-gcc3&locale=de-DE&currentAppVersion=50.1.0&updateType=112&compatMode=normal timed out
1484644477292	addons.update-checker	WARN	Request for https://versioncheck-bg.addons.mozilla.org/update/VersionCheck.php?reqVersion=2&id=langpack-de@firefox.mozilla.org&version=50.1.0&maxAppVersion=50.*&status=userEnabled&appID={ec8030f7-c20a-464f-9b0e-13a3a9e97384}&appVersion=50.1.0&appOS=Linux&appABI=x86-gcc3&locale=de-DE&currentAppVersion=50.1.0&updateType=112&compatMode=normal timed out
1484644477293	addons.update-checker	WARN	Request for https://versioncheck-bg.addons.mozilla.org/update/VersionCheck.php?reqVersion=2&id={972ce4c6-7e08-4474-a285-3208198ce6fd}&version=50.1.0&maxAppVersion=50.1.0&status=userEnabled&appID={ec8030f7-c20a-464f-9b0e-13a3a9e97384}&appVersion=50.1.0&appOS=Linux&appABI=x86-gcc3&locale=de-DE&currentAppVersion=50.1.0&updateType=112&compatMode=normal timed out
1484644537296	addons.update-checker	WARN	Request for https://versioncheck-bg.addons.mozilla.org/update/VersionCheck.php?reqVersion=2&id=firefox-hotfix@mozilla.org&version=20160826.01&maxAppVersion=%ITEM_MAXAPPVERSION%&status=userEnabled,incompatible&appID={ec8030f7-c20a-464f-9b0e-13a3a9e97384}&appVersion=50.1.0&appOS=Linux&appABI=x86-gcc3&locale=de-DE&currentAppVersion=50.1.0&updateType=%UPDATE_TYPE%&compatMode=%COMPATIBILITY_MODE% timed out
1484644557306	addons.productaddons	WARN	Failed downloading XML, status: 0, reason: timeout
1484644557308	addons.manager	WARN	Failed to update system addons: Error: Failed downloading XML, status: 0, reason: timeout (resource://gre/modules/addons/ProductAddonChecker.jsm:111:16) JS Stack trace: downloadXML/</fail@ProductAddonChecker.jsm:111:16
<Window object at 0xb0ed5194 (terminatorlib+window+Window at 0x8d1ca78)> is not in registered window list

(nautilus:2109): GLib-GIO-CRITICAL **: g_dbus_interface_skeleton_unexport: assertion 'interface_->priv->connections != NULL' failed

(nautilus:2109): GLib-GIO-CRITICAL **: g_dbus_interface_skeleton_unexport: assertion 'interface_->priv->connections != NULL' failed

(nautilus:2109): Gtk-CRITICAL **: gtk_icon_theme_get_for_screen: assertion 'GDK_IS_SCREEN (screen)' failed

(nautilus:2109): GLib-GObject-WARNING **: invalid (NULL) pointer instance

(nautilus:2109): GLib-GObject-CRITICAL **: g_signal_connect_object: assertion 'G_TYPE_CHECK_INSTANCE (instance)' failed
failed to create drawable
compiz (core) - Warn: glXCreatePixmap failed
failed to create drawable
compiz (core) - Warn: glXCreatePixmap failed
failed to create drawable
compiz (core) - Warn: glXCreatePixmap failed
failed to create drawable
compiz (core) - Warn: glXCreatePixmap failed
1485241587397	addons.update-checker	WARN	Update manifest for e10srollout@mozilla.org did not contain an updates property
1485241587410	addons.update-checker	WARN	Update manifest for firefox@getpocket.com did not contain an updates property
1485241587423	addons.update-checker	WARN	Update manifest for webcompat@mozilla.org did not contain an updates property
1485241587453	addons.update-checker	WARN	Update manifest for aushelper@mozilla.org did not contain an updates property
1485241587590	addons.update-checker	WARN	Update manifest for {972ce4c6-7e08-4474-a285-3208198ce6fd} did not contain an updates property
failed to create drawable
compiz (core) - Warn: glXCreatePixmap failed
ConfigBase::load: Unable to open /home/philippe/.config/terminator/config ([Errno 2] Datei oder Verzeichnis nicht gefunden: '/home/philippe/.config/terminator/config')
PluginRegistry::load_plugins: Importing plugin __init__.py failed: 'module' object has no attribute 'AVAILABLE'
