[2016-09-06 12:52:15] __rvm_package_extract
__rvm_package_extract () 
{ 
    rvm_debug __rvm_package_extract:$#: "$@";
    \typeset __tempdir __path __file __return;
    __return=0;
    __tempdir="$( TMPDIR="${rvm_tmp_path}" mktemp -d -t rvm-tmp.XXXXXXXXX )";
    __rvm_package_extract_run "$1" "$__tempdir" || __return=$?;
    if (( __return == 0 )); then
        for __path in "$__tempdir"/*;
        do
            __file="${__path##*/}";
            if [[ -n "${__file}" && -e "$2/${__file}" ]]; then
                \command \rm -rf "$2/${__file}" || __return=$?;
            fi;
            \command \mv -f "${__path}" "$2/" || __return=$?;
        done;
    fi;
    if [[ -n "$__tempdir" ]]; then
        \command \rm -rf "$__tempdir";
    fi;
    return $__return
}
current path: /home/philippe/.rvm/src
PATH=/home/philippe/bin:/home/philippe/.local/bin:/usr/local/sbin:/usr/local/bin:/usr/sbin:/usr/bin:/sbin:/bin:/usr/games:/usr/local/games:/snap/bin:/home/philippe/.rvm/bin
command(3): __rvm_package_extract /home/philippe/.rvm/archives/ruby-2.3.1.tar.bz2 /home/philippe/.rvm/tmp/rvm_src_4544
++ rvm_debug __rvm_package_extract:2: /home/philippe/.rvm/archives/ruby-2.3.1.tar.bz2 /home/philippe/.rvm/tmp/rvm_src_4544
++ ((  0  ))
++ return 0
++ typeset __tempdir __path __file __return
++ __return=0
+++ TMPDIR=/home/philippe/.rvm/tmp
+++ mktemp -d -t rvm-tmp.XXXXXXXXX
++ __tempdir=/home/philippe/.rvm/tmp/rvm-tmp.5lIuYw3R7
++ __rvm_package_extract_run /home/philippe/.rvm/archives/ruby-2.3.1.tar.bz2 /home/philippe/.rvm/tmp/rvm-tmp.5lIuYw3R7
++ [[    != *\ \-\-\n\o\-\s\a\m\e\-\o\w\n\e\r\ * ]]
++ __rvm_grep -- --no-same-owner
++ GREP_OPTIONS=
++ command grep -- --no-same-owner
++ grep -- --no-same-owner
++ __rvm_tar --help
++ rvm_tar_options=--no-same-owner
++ [[ -d /home/philippe/.rvm/tmp/rvm-tmp.5lIuYw3R7 ]]
++ case "$1" in
++ [[ -n '' ]]
++ __rvm_tar xjf /home/philippe/.rvm/archives/ruby-2.3.1.tar.bz2 -C /home/philippe/.rvm/tmp/rvm-tmp.5lIuYw3R7 --no-same-owner
++ tar xjf /home/philippe/.rvm/archives/ruby-2.3.1.tar.bz2 -C /home/philippe/.rvm/tmp/rvm-tmp.5lIuYw3R7 --no-same-owner
++ __rvm_fix_group_permissions /home/philippe/.rvm/tmp/rvm-tmp.5lIuYw3R7/ruby-2.3.1
++ __rvm_grep g=rw
++ GREP_OPTIONS=
++ umask -S
++ command grep g=rw
++ grep g=rw
++ chmod -R g+rwX /home/philippe/.rvm/tmp/rvm-tmp.5lIuYw3R7/ruby-2.3.1
++ ((  __return == 0  ))
++ for __path in '"$__tempdir"/*'
++ __file=ruby-2.3.1
++ [[ -n ruby-2.3.1 ]]
++ [[ -e /home/philippe/.rvm/tmp/rvm_src_4544/ruby-2.3.1 ]]
++ command mv -f /home/philippe/.rvm/tmp/rvm-tmp.5lIuYw3R7/ruby-2.3.1 /home/philippe/.rvm/tmp/rvm_src_4544/
++ mv -f /home/philippe/.rvm/tmp/rvm-tmp.5lIuYw3R7/ruby-2.3.1 /home/philippe/.rvm/tmp/rvm_src_4544/
++ [[ -n /home/philippe/.rvm/tmp/rvm-tmp.5lIuYw3R7 ]]
++ command rm -rf /home/philippe/.rvm/tmp/rvm-tmp.5lIuYw3R7
++ rm -rf /home/philippe/.rvm/tmp/rvm-tmp.5lIuYw3R7
++ return 0
