[2016-09-06 13:07:06] alias_create_execute
alias_create_execute () 
{ 
    for _path in "$rvm_rubies_path" "$rvm_environments_path" "$rvm_wrappers_path";
    do
        if [[ -L "$_path/$alias_name" ]]; then
            \command \rm -fv "$_path/$alias_name" || return $?;
        fi;
        \command \ln -fs "$_path/$rvm_ruby_string" "$_path/$alias_name" || return $?;
    done;
    __rvm_db_ "$rvm_path/config/alias" "$alias_name" "$rvm_ruby_string"
}
current path: /home/philippe
GEM_HOME=/home/philippe/.rvm/gems/ruby-2.3.1
PATH=/home/philippe/.rvm/gems/ruby-2.3.1/bin:/home/philippe/.rvm/gems/ruby-2.3.1@global/bin:/home/philippe/.rvm/rubies/ruby-2.3.1/bin:/home/philippe/.rvm/bin:/home/philippe/bin:/home/philippe/.local/bin:/usr/local/sbin:/usr/local/bin:/usr/sbin:/usr/bin:/sbin:/bin:/usr/games:/usr/local/games:/snap/bin
GEM_PATH=/home/philippe/.rvm/gems/ruby-2.3.1:/home/philippe/.rvm/gems/ruby-2.3.1@global
command(1): alias_create_execute
+ for _path in '"$rvm_rubies_path"' '"$rvm_environments_path"' '"$rvm_wrappers_path"'
+ [[ -L /home/philippe/.rvm/rubies/default ]]
+ command ln -fs /home/philippe/.rvm/rubies/ruby-2.3.1 /home/philippe/.rvm/rubies/default
+ ln -fs /home/philippe/.rvm/rubies/ruby-2.3.1 /home/philippe/.rvm/rubies/default
+ for _path in '"$rvm_rubies_path"' '"$rvm_environments_path"' '"$rvm_wrappers_path"'
+ [[ -L /home/philippe/.rvm/environments/default ]]
+ command ln -fs /home/philippe/.rvm/environments/ruby-2.3.1 /home/philippe/.rvm/environments/default
+ ln -fs /home/philippe/.rvm/environments/ruby-2.3.1 /home/philippe/.rvm/environments/default
+ for _path in '"$rvm_rubies_path"' '"$rvm_environments_path"' '"$rvm_wrappers_path"'
+ [[ -L /home/philippe/.rvm/wrappers/default ]]
+ command ln -fs /home/philippe/.rvm/wrappers/ruby-2.3.1 /home/philippe/.rvm/wrappers/default
+ ln -fs /home/philippe/.rvm/wrappers/ruby-2.3.1 /home/philippe/.rvm/wrappers/default
+ __rvm_db_ /home/philippe/.rvm/config/alias default ruby-2.3.1
+ typeset __db __key __value
+ __db=/home/philippe/.rvm/config/alias
+ __key=default
+ shift 2
+ __value=ruby-2.3.1
+ case "${__value}" in
+ __rvm_db_add /home/philippe/.rvm/config/alias default ruby-2.3.1
+ typeset __dir=/home/philippe/.rvm/config
+ [[ -f /home/philippe/.rvm/config/alias ]]
+ __rvm_db_remove /home/philippe/.rvm/config/alias default
+ [[ -f /home/philippe/.rvm/config/alias ]]
+ __rvm_sed -e '\#^default=# d' -e '/^$/d' /home/philippe/.rvm/config/alias
+ sed -e '\#^default=# d' -e '/^$/d' /home/philippe/.rvm/config/alias
+ command mv -f /home/philippe/.rvm/config/alias.new /home/philippe/.rvm/config/alias
+ mv -f /home/philippe/.rvm/config/alias.new /home/philippe/.rvm/config/alias
+ printf '%b=%b\n' default ruby-2.3.1
